2020-04-27 09:53:26.179[main][main] INFO  com.niit.vhrend.VhrEndApplication - Starting VhrEndApplication on LAPTOP-FF1N0B5A with PID 48864 (D:\dev\SpringStudy\vhrend\target\classes started by 1 in D:\dev\SpringStudy\vhrend)
2020-04-27 09:53:26.182[main][main] INFO  com.niit.vhrend.VhrEndApplication - No active profile set, falling back to default profiles: default
2020-04-27 09:53:28.070[main][main] DEBUG org.apache.ibatis.logging.LogFactory - Logging initialized using 'class org.apache.ibatis.logging.slf4j.Slf4jImpl' adapter.
2020-04-27 09:53:28.617[main][main] INFO  o.s.b.w.e.tomcat.TomcatWebServer - Tomcat initialized with port(s): 8080 (http)
2020-04-27 09:53:28.626[main][main] INFO  o.a.coyote.http11.Http11NioProtocol - Initializing ProtocolHandler ["http-nio-8080"]
2020-04-27 09:53:28.628[main][main] INFO  o.a.catalina.core.StandardService - Starting service [Tomcat]
2020-04-27 09:53:28.628[main][main] INFO  o.a.catalina.core.StandardEngine - Starting Servlet engine: [Apache Tomcat/9.0.33]
2020-04-27 09:53:28.762[main][main] INFO  o.a.c.c.C.[Tomcat].[localhost].[/] - Initializing Spring embedded WebApplicationContext
2020-04-27 09:53:28.762[main][main] INFO  o.s.web.context.ContextLoader - Root WebApplicationContext: initialization completed in 2447 ms
2020-04-27 09:53:28.951[main][main] INFO  c.a.d.s.b.a.DruidDataSourceAutoConfigure - Init DruidDataSource
2020-04-27 09:53:29.068[main][main] INFO  c.alibaba.druid.pool.DruidDataSource - {dataSource-1} inited
2020-04-27 09:53:30.014[main][main] INFO  s.d.s.w.PropertySourcedRequestMappingHandlerMapping - Mapped URL path [/v2/api-docs] onto method [springfox.documentation.swagger2.web.Swagger2Controller#getDocumentation(String, HttpServletRequest)]
2020-04-27 09:53:30.090[main][main] INFO  o.s.s.c.ThreadPoolTaskExecutor - Initializing ExecutorService 'applicationTaskExecutor'
2020-04-27 09:53:30.334[main][main] INFO  o.s.s.web.DefaultSecurityFilterChain - Creating filter chain: Mvc [pattern='/login'], []
2020-04-27 09:53:30.358[main][main] INFO  o.s.s.web.DefaultSecurityFilterChain - Creating filter chain: any request, [org.springframework.security.web.context.request.async.WebAsyncManagerIntegrationFilter@6f1d799, org.springframework.security.web.context.SecurityContextPersistenceFilter@1fa9692b, org.springframework.security.web.header.HeaderWriterFilter@55c03e4, org.springframework.security.web.authentication.logout.LogoutFilter@3a70575, org.springframework.security.web.authentication.UsernamePasswordAuthenticationFilter@273293c8, org.springframework.security.web.savedrequest.RequestCacheAwareFilter@64420e34, org.springframework.security.web.servletapi.SecurityContextHolderAwareRequestFilter@32ba5c65, org.springframework.security.web.authentication.AnonymousAuthenticationFilter@ca2cd5e, org.springframework.security.web.session.SessionManagementFilter@605eb072, org.springframework.security.web.access.ExceptionTranslationFilter@37986daf, org.springframework.security.web.access.intercept.FilterSecurityInterceptor@69a90b81]
2020-04-27 09:53:30.398[main][main] INFO  s.d.s.w.p.DocumentationPluginsBootstrapper - Context refreshed
2020-04-27 09:53:30.411[main][main] INFO  s.d.s.w.p.DocumentationPluginsBootstrapper - Found 1 custom documentation plugin(s)
2020-04-27 09:53:30.436[main][main] INFO  s.d.s.w.s.ApiListingReferenceScanner - Scanning for api listing references
2020-04-27 09:53:30.540[main][main] WARN  s.d.s.w.r.p.ParameterDataTypeReader - Trying to infer dataType java.lang.Integer[]
2020-04-27 09:53:30.570[main][main] WARN  s.d.s.w.r.p.ParameterDataTypeReader - Trying to infer dataType java.lang.Integer[]
2020-04-27 09:53:30.574[main][main] INFO  s.d.s.w.r.o.CachingOperationNameGenerator - Generating unique operation named: deletePositionUsingDELETE_1
2020-04-27 09:53:30.603[main][main] INFO  o.a.coyote.http11.Http11NioProtocol - Starting ProtocolHandler ["http-nio-8080"]
2020-04-27 09:53:30.643[main][main] INFO  o.s.b.w.e.tomcat.TomcatWebServer - Tomcat started on port(s): 8080 (http) with context path ''
2020-04-27 09:53:30.647[main][main] INFO  com.niit.vhrend.VhrEndApplication - Started VhrEndApplication in 4.976 seconds (JVM running for 8.36)
2020-04-27 09:56:00.707[http-nio-8080-exec-2][http-nio-8080-exec-2] INFO  o.a.c.c.C.[Tomcat].[localhost].[/] - Initializing Spring DispatcherServlet 'dispatcherServlet'
2020-04-27 09:56:00.708[http-nio-8080-exec-2][http-nio-8080-exec-2] INFO  o.s.web.servlet.DispatcherServlet - Initializing Servlet 'dispatcherServlet'
2020-04-27 09:56:00.716[http-nio-8080-exec-2][http-nio-8080-exec-2] INFO  o.s.web.servlet.DispatcherServlet - Completed initialization in 8 ms
2020-04-27 09:56:01.150[http-nio-8080-exec-2][http-nio-8080-exec-2] DEBUG c.n.v.m.HrMapper.loadUserByUsername - ==>  Preparing: select * from hr where username=? 
2020-04-27 09:56:01.166[http-nio-8080-exec-2][http-nio-8080-exec-2] DEBUG c.n.v.m.HrMapper.loadUserByUsername - ==> Parameters: admin(String)
2020-04-27 09:56:01.200[http-nio-8080-exec-2][http-nio-8080-exec-2] DEBUG c.n.v.m.HrMapper.loadUserByUsername - <==      Total: 1
2020-04-27 09:56:01.202[http-nio-8080-exec-2][http-nio-8080-exec-2] DEBUG c.n.v.mapper.HrMapper.getHrRolesById - ==>  Preparing: select r.* from role r, hr_role hrr where hrr.rid=r.id and hrr.hrid=? 
2020-04-27 09:56:01.202[http-nio-8080-exec-2][http-nio-8080-exec-2] DEBUG c.n.v.mapper.HrMapper.getHrRolesById - ==> Parameters: 3(Integer)
2020-04-27 09:56:01.211[http-nio-8080-exec-2][http-nio-8080-exec-2] DEBUG c.n.v.mapper.HrMapper.getHrRolesById - <==      Total: 1
2020-04-27 09:56:01.524[http-nio-8080-exec-2][http-nio-8080-exec-2] WARN  o.a.c.util.SessionIdGeneratorBase - Creation of SecureRandom instance for session ID generation using [SHA1PRNG] took [201] milliseconds.
2020-04-27 09:56:01.870[http-nio-8080-exec-3][http-nio-8080-exec-3] DEBUG c.n.v.m.M.getAllMenusWithRole - ==>  Preparing: select m.*, r.id as rid, r.name as rname, r.nameZh as rnameZh from menu m, menu_role mr, role r where m.id=mr.mid and mr.rid=r.id order by m.id 
2020-04-27 09:56:01.870[http-nio-8080-exec-3][http-nio-8080-exec-3] DEBUG c.n.v.m.M.getAllMenusWithRole - ==> Parameters: 
2020-04-27 09:56:01.900[http-nio-8080-exec-3][http-nio-8080-exec-3] DEBUG c.n.v.m.M.getAllMenusWithRole - <==      Total: 56
2020-04-27 09:56:01.910[http-nio-8080-exec-3][http-nio-8080-exec-3] DEBUG c.n.v.m.MenuMapper.getMenusByHrId - ==>  Preparing: select distinct m1.*, m2.id as id2, m2.component as component2, m2.enabled as enabled2, m2.iconCls as iconCls2, m2.keepAlive as keepAlive2, m2.name as name2, m2.parentId as parentid2, m2.requireAuth as requireAuth2, m2.path as path2 from menu m1, menu m2, hr_role hrr, menu_role mr where m1.id=m2.parentId and hrr.hrid=? and hrr.rid=mr.rid and mr.mid=m2.id and m2.enabled=true order by m1.id, m2.id 
2020-04-27 09:56:01.911[http-nio-8080-exec-3][http-nio-8080-exec-3] DEBUG c.n.v.m.MenuMapper.getMenusByHrId - ==> Parameters: 3(Integer)
2020-04-27 09:56:01.923[http-nio-8080-exec-3][http-nio-8080-exec-3] DEBUG c.n.v.m.MenuMapper.getMenusByHrId - <==      Total: 21
2020-04-27 09:56:07.551[http-nio-8080-exec-4][http-nio-8080-exec-4] DEBUG c.n.v.m.M.getAllMenusWithRole - ==>  Preparing: select m.*, r.id as rid, r.name as rname, r.nameZh as rnameZh from menu m, menu_role mr, role r where m.id=mr.mid and mr.rid=r.id order by m.id 
2020-04-27 09:56:07.551[http-nio-8080-exec-4][http-nio-8080-exec-4] DEBUG c.n.v.m.M.getAllMenusWithRole - ==> Parameters: 
2020-04-27 09:56:07.560[http-nio-8080-exec-4][http-nio-8080-exec-4] DEBUG c.n.v.m.M.getAllMenusWithRole - <==      Total: 56
2020-04-27 09:56:07.562[http-nio-8080-exec-4][http-nio-8080-exec-4] DEBUG c.n.v.m.P.selectAllPosition - ==>  Preparing: select * from position 
2020-04-27 09:56:07.563[http-nio-8080-exec-4][http-nio-8080-exec-4] DEBUG c.n.v.m.P.selectAllPosition - ==> Parameters: 
2020-04-27 09:56:07.585[http-nio-8080-exec-4][http-nio-8080-exec-4] DEBUG c.n.v.m.P.selectAllPosition - <==      Total: 6
